<?xml version="1.0" encoding="utf-8"?><testsuites name="pytest tests"><testsuite name="pytest" errors="0" failures="1" skipped="0" tests="12" time="62.151" timestamp="2026-05-26T05:18:44.857448+00:00" hostname="agent-env-d7f546be-b15e-41dd-98c3-b2f5e003355c"><testcase classname="backend.tests.test_galio_backend.TestPublic" name="test_health" time="0.153" /><testcase classname="backend.tests.test_galio_backend.TestPublic" name="test_templates" time="0.165" /><testcase classname="backend.tests.test_galio_backend.TestPublic" name="test_me_unauth" time="0.101" /><testcase classname="backend.tests.test_galio_backend.TestAuth" name="test_me_with_token" time="0.112" /><testcase classname="backend.tests.test_galio_backend.TestProjects" name="test_create_list_get" time="0.327" /><testcase classname="backend.tests.test_galio_backend.TestProjects" name="test_get_unknown_404" time="0.102" /><testcase classname="backend.tests.test_galio_backend.TestProjects" name="test_patch" time="0.133" /><testcase classname="backend.tests.test_galio_backend.TestAI" name="test_build_then_refine" time="60.106"><failure message="AssertionError: The preview environment is not responding. It may be starting up.&#10;  &#10;assert 502 == 200&#10; +  where 502 = &lt;Response [502]&gt;.status_code">backend/tests/test_galio_backend.py:95: in test_build_then_refine
    assert r.status_code == 200, r.text
E   AssertionError: The preview environment is not responding. It may be starting up.
E     
E   assert 502 == 200
E    +  where 502 = &lt;Response [502]&gt;.status_code</failure></testcase><testcase classname="backend.tests.test_galio_backend.TestExport" name="test_export_zip" time="0.194" /><testcase classname="backend.tests.test_galio_backend.TestMocks" name="test_github_push" time="0.098" /><testcase classname="backend.tests.test_galio_backend.TestMocks" name="test_vercel_deploy" time="0.140" /><testcase classname="backend.tests.test_galio_backend.TestCleanup" name="test_delete_and_logout" time="0.420" /></testsuite></testsuites>