<?xml version="1.0" encoding="utf-8"?><testsuites name="pytest tests"><testsuite name="pytest" errors="1" failures="0" skipped="0" tests="1" time="0.146" timestamp="2026-05-26T05:42:31.334394+00:00" hostname="agent-env-d7f546be-b15e-41dd-98c3-b2f5e003355c"><testcase classname="" name="backend.tests.test_galio_v2" time="0.000"><error message="collection failure">backend/tests/test_galio_v2.py:9: in &lt;module&gt;
    BASE_URL = os.environ["REACT_APP_BACKEND_URL"].rstrip("/")
               ^^^^^^^^^^^^^^^^^^^^^^^^^^^^^^^^^^^
&lt;frozen os&gt;:679: in __getitem__
    ???
E   KeyError: 'REACT_APP_BACKEND_URL'</error></testcase></testsuite></testsuites>